<?xml version="1.0" encoding="UTF-8"?>
<!-- Generated by org.testng.reporters.JUnitReportReporter -->
<testsuite hostname="GRD-LTP-119" failures="0" tests="1" name="com.absli.gps.masterpolicy.maker.page.testcases.TC_MPM_113_MasterPolicyWith5BenefitsAndRidersWithVariantTypeAsFsgaRFsgaFsgaR" time="68.230" errors="0" timestamp="2024-08-01T12:20:34 IST" skipped="0">
  <testcase classname="com.absli.gps.masterpolicy.maker.page.testcases.TC_MPM_113_MasterPolicyWith5BenefitsAndRidersWithVariantTypeAsFsgaRFsgaFsgaR" name="createAMasterPolicyWith5BenefitsAndRidersWithVariantTypeAsFsgaRFsgaFsgaR" time="68.230"/>
</testsuite> <!-- com.absli.gps.masterpolicy.maker.page.testcases.TC_MPM_113_MasterPolicyWith5BenefitsAndRidersWithVariantTypeAsFsgaRFsgaFsgaR -->
