<?xml version="1.0" encoding="UTF-8"?>
<!-- Generated by org.testng.reporters.JUnitReportReporter -->
<testsuite hostname="GRD-LTP-119" failures="0" tests="1" name="com.absli.gps.masterpolicy.maker.page.testcases.TC_MPM_077_MasterPolicyWith4BenefitsAndRidersWithVariantTypeAsGcRRR" time="84.681" errors="0" timestamp="2024-07-29T11:09:18 IST" skipped="0">
  <testcase classname="com.absli.gps.masterpolicy.maker.page.testcases.TC_MPM_077_MasterPolicyWith4BenefitsAndRidersWithVariantTypeAsGcRRR" name="createAMasterPolicyWith4BenefitsAndRidersWithVariantTypeAsGcRRR" time="84.681"/>
</testsuite> <!-- com.absli.gps.masterpolicy.maker.page.testcases.TC_MPM_077_MasterPolicyWith4BenefitsAndRidersWithVariantTypeAsGcRRR -->
