<?xml version="1.0" encoding="UTF-8"?>
<!-- Generated by org.testng.reporters.JUnitReportReporter -->
<testsuite hostname="GRD-LTP-119" failures="0" tests="1" name="com.absli.gps.masterpolicy.maker.page.testcases.TC_MPM_035_MasterPolicyWith6BenefitsAndRidersWithVariantTypeAsCRCCRR" time="69.951" errors="0" timestamp="2024-07-09T10:21:34 IST" skipped="0">
  <testcase classname="com.absli.gps.masterpolicy.maker.page.testcases.TC_MPM_035_MasterPolicyWith6BenefitsAndRidersWithVariantTypeAsCRCCRR" name="createAMasterPolicyWith4BenefitsAndRidersWithVariantTypeAsCRCCRR" time="69.951"/>
</testsuite> <!-- com.absli.gps.masterpolicy.maker.page.testcases.TC_MPM_035_MasterPolicyWith6BenefitsAndRidersWithVariantTypeAsCRCCRR -->
