<?xml version="1.0" encoding="UTF-8"?>
<!-- Generated by org.testng.reporters.JUnitReportReporter -->
<testsuite hostname="GRD-LTP-119" failures="0" tests="1" name="com.absli.gps.masterpolicy.maker.page.testcases.TC_MPM_039_MasterPolicyWith6BenefitsAndRidersWithVariantTypeAsCRRCRR" time="64.294" errors="0" timestamp="2024-07-09T12:14:56 IST" skipped="0">
  <testcase classname="com.absli.gps.masterpolicy.maker.page.testcases.TC_MPM_039_MasterPolicyWith6BenefitsAndRidersWithVariantTypeAsCRRCRR" name="createAMasterPolicyWith4BenefitsAndRidersWithVariantTypeAsCRRCRR" time="64.294"/>
</testsuite> <!-- com.absli.gps.masterpolicy.maker.page.testcases.TC_MPM_039_MasterPolicyWith6BenefitsAndRidersWithVariantTypeAsCRRCRR -->
