<?xml version="1.0" encoding="UTF-8"?>
<!-- Generated by org.testng.reporters.JUnitReportReporter -->
<testsuite hostname="GRD-LTP-119" failures="0" tests="4" name="com.absli.testCases.CreateAClientOrga" time="195.538" errors="0" timestamp="2024-05-30T12:35:18 IST" skipped="0">
  <testcase classname="com.absli.testCases.CreateAClientOrga" name="createClientWithMandatoryFieldsAndWithoutGST" time="43.893"/>
  <system-out/>
  <testcase classname="com.absli.testCases.CreateAClientOrga" name="createClientWithMandatoryFieldsAndWithGST" time="40.047"/>
  <system-out/>
  <testcase classname="com.absli.testCases.CreateAClientOrga" name="createClientWithMandatoryFieldsAndGradeWithOutGST" time="56.185"/>
  <system-out/>
  <testcase classname="com.absli.testCases.CreateAClientOrga" name="createClientWithMandatoryFieldsAndWithGSTAndGrade" time="55.413"/>
  <system-out/>
</testsuite> <!-- com.absli.testCases.CreateAClientOrga -->
