<?xml version="1.0" encoding="UTF-8"?>
<!-- Generated by org.testng.reporters.JUnitReportReporter -->
<testsuite hostname="GRD-LTP-119" failures="0" tests="1" name="com.absli.gss.masterpolicy.maker.page.testcases.GSSMasterPolicy" time="53.314" errors="0" timestamp="2024-06-28T10:14:58 IST" skipped="0">
  <testcase classname="com.absli.gss.masterpolicy.maker.page.testcases.GSSMasterPolicy" name="createAMasterPolicy" time="53.314"/>
</testsuite> <!-- com.absli.gss.masterpolicy.maker.page.testcases.GSSMasterPolicy -->
