<?xml version="1.0" encoding="UTF-8"?>
<!-- Generated by org.testng.reporters.JUnitReportReporter -->
<testsuite hostname="GRD-LTP-119" failures="0" tests="1" name="com.absli.gps.masterpolicy.maker.page.testcases.TC_MPM_062_MasterPolicyWith3BenefitsAndRidersWithVariantTypeAsFsgaRFsga" time="57.021" errors="0" timestamp="2024-07-17T10:36:38 IST" skipped="0">
  <testcase classname="com.absli.gps.masterpolicy.maker.page.testcases.TC_MPM_062_MasterPolicyWith3BenefitsAndRidersWithVariantTypeAsFsgaRFsga" name="createAMasterPolicyWith3BenefitsAndRidersWithVariantTypeAsFsgaRFsga" time="57.021"/>
</testsuite> <!-- com.absli.gps.masterpolicy.maker.page.testcases.TC_MPM_062_MasterPolicyWith3BenefitsAndRidersWithVariantTypeAsFsgaRFsga -->
