<?xml version="1.0" encoding="UTF-8"?>
<!-- Generated by org.testng.reporters.JUnitReportReporter -->
<testsuite hostname="GRD-LTP-119" failures="0" tests="1" name="com.absli.gps.masterpolicy.maker.page.testcases.TC_MPM_034_MasterPolicyWith6BenefitsAndRidersWithVariantTypeAsCRCRRC" time="85.006" errors="0" timestamp="2024-07-08T16:45:48 IST" skipped="0">
  <testcase classname="com.absli.gps.masterpolicy.maker.page.testcases.TC_MPM_034_MasterPolicyWith6BenefitsAndRidersWithVariantTypeAsCRCRRC" name="createAMasterPolicyWith4BenefitsAndRidersWithVariantTypeAsCRCRRC" time="85.006"/>
</testsuite> <!-- com.absli.gps.masterpolicy.maker.page.testcases.TC_MPM_034_MasterPolicyWith6BenefitsAndRidersWithVariantTypeAsCRCRRC -->
