<?xml version="1.0" encoding="UTF-8"?>
<!-- Generated by org.testng.reporters.JUnitReportReporter -->
<testsuite hostname="GRD-LTP-119" failures="0" tests="1" name="com.absli.gps.masterpolicy.maker.page.testcases.TC_MPM_111_MasterPolicyWith5BenefitsAndRidersWithVariantTypeAsFsgaRFsgaRFsga" time="66.775" errors="0" timestamp="2024-08-01T11:46:25 IST" skipped="0">
  <testcase classname="com.absli.gps.masterpolicy.maker.page.testcases.TC_MPM_111_MasterPolicyWith5BenefitsAndRidersWithVariantTypeAsFsgaRFsgaRFsga" name="createAMasterPolicyWith5BenefitsAndRidersWithVariantTypeAsFsgaRFsgaRFsga" time="66.775"/>
</testsuite> <!-- com.absli.gps.masterpolicy.maker.page.testcases.TC_MPM_111_MasterPolicyWith5BenefitsAndRidersWithVariantTypeAsFsgaRFsgaRFsga -->
