<?xml version="1.0" encoding="UTF-8"?>
<!-- Generated by org.testng.reporters.JUnitReportReporter -->
<testsuite hostname="GRD-LTP-119" failures="0" tests="1" name="com.absli.gps.masterpolicy.maker.page.testcases.TC_MPM_116_MasterPolicyWith5BenefitsAndRidersWithVariantTypeAsFsgaRFsgaRR" time="64.076" errors="0" timestamp="2024-08-01T14:28:41 IST" skipped="0">
  <testcase classname="com.absli.gps.masterpolicy.maker.page.testcases.TC_MPM_116_MasterPolicyWith5BenefitsAndRidersWithVariantTypeAsFsgaRFsgaRR" name="createAMasterPolicyWith5BenefitsAndRidersWithVariantTypeAsFsgaRFsgaRR" time="64.076"/>
</testsuite> <!-- com.absli.gps.masterpolicy.maker.page.testcases.TC_MPM_116_MasterPolicyWith5BenefitsAndRidersWithVariantTypeAsFsgaRFsgaRR -->
