<?xml version="1.0" encoding="UTF-8"?>
<!-- Generated by org.testng.reporters.JUnitReportReporter -->
<testsuite hostname="GRD-LTP-119" failures="0" tests="1" name="com.absli.gps.masterpolicy.maker.page.testcases.TC_MPM_030_MasterPolicyWith6BenefitsAndRidersWithVariantTypeAsCRCRCC" time="76.258" errors="0" timestamp="2024-07-08T12:09:53 IST" skipped="0">
  <testcase classname="com.absli.gps.masterpolicy.maker.page.testcases.TC_MPM_030_MasterPolicyWith6BenefitsAndRidersWithVariantTypeAsCRCRCC" name="createAMasterPolicyWith4BenefitsAndRidersWithVariantTypeAsCRCRCC" time="76.258"/>
</testsuite> <!-- com.absli.gps.masterpolicy.maker.page.testcases.TC_MPM_030_MasterPolicyWith6BenefitsAndRidersWithVariantTypeAsCRCRCC -->
