<?xml version="1.0" encoding="UTF-8"?>
<!-- Generated by org.testng.reporters.JUnitReportReporter -->
<testsuite hostname="GRD-LTP-119" failures="0" tests="1" name="com.absli.gps.masterpolicy.maker.page.testcases.TC_MPM_036_MasterPolicyWith6BenefitsAndRidersWithVariantTypeAsCRRCCR" time="67.238" errors="0" timestamp="2024-07-09T10:41:55 IST" skipped="0">
  <testcase classname="com.absli.gps.masterpolicy.maker.page.testcases.TC_MPM_036_MasterPolicyWith6BenefitsAndRidersWithVariantTypeAsCRRCCR" name="createAMasterPolicyWith4BenefitsAndRidersWithVariantTypeAsCRRCCR" time="67.238"/>
</testsuite> <!-- com.absli.gps.masterpolicy.maker.page.testcases.TC_MPM_036_MasterPolicyWith6BenefitsAndRidersWithVariantTypeAsCRRCCR -->
