<?xml version="1.0" encoding="UTF-8"?>
<!-- Generated by org.testng.reporters.JUnitReportReporter -->
<testsuite hostname="GRD-LTP-119" failures="0" tests="1" name="com.absli.testCases.CreateAClientOrga" time="37.347" errors="0" timestamp="2024-05-21T10:11:58 IST" skipped="0">
  <testcase classname="com.absli.testCases.CreateAClientOrga" name="createClientWithMandatoryFieldsAndWithoutGST" time="37.347"/>
  <system-out/>
</testsuite> <!-- com.absli.testCases.CreateAClientOrga -->
