<?xml version="1.0" encoding="UTF-8"?>
<!-- Generated by org.testng.reporters.JUnitReportReporter -->
<testsuite hostname="GRD-LTP-119" failures="0" tests="1" name="com.absli.gps.masterpolicy.maker.page.testcases.TC_MPM_010_MasterPolicyWithMandatoryFieldsAndMultipleOfSalaryWithInBuiltRider" time="63.557" errors="0" timestamp="2024-07-02T15:08:28 IST" skipped="0">
  <testcase classname="com.absli.gps.masterpolicy.maker.page.testcases.TC_MPM_010_MasterPolicyWithMandatoryFieldsAndMultipleOfSalaryWithInBuiltRider" name="createAMasterPolicyWithMandatoryFieldsAndMultipleOfSalaryWithInBuiltRider" time="63.557"/>
</testsuite> <!-- com.absli.gps.masterpolicy.maker.page.testcases.TC_MPM_010_MasterPolicyWithMandatoryFieldsAndMultipleOfSalaryWithInBuiltRider -->
