<?xml version="1.0" encoding="UTF-8"?>
<!-- Generated by org.testng.reporters.JUnitReportReporter -->
<testsuite hostname="GRD-LTP-119" failures="0" tests="1" name="com.absli.gps.masterpolicy.maker.page.testcases.TC_MPM_032_MasterPolicyWith6BenefitsAndRidersWithVariantTypeAsCRCCCR" time="76.540" errors="0" timestamp="2024-07-08T14:36:00 IST" skipped="0">
  <testcase classname="com.absli.gps.masterpolicy.maker.page.testcases.TC_MPM_032_MasterPolicyWith6BenefitsAndRidersWithVariantTypeAsCRCCCR" name="createAMasterPolicyWith4BenefitsAndRidersWithVariantTypeAsCRCCCR" time="76.540"/>
</testsuite> <!-- com.absli.gps.masterpolicy.maker.page.testcases.TC_MPM_032_MasterPolicyWith6BenefitsAndRidersWithVariantTypeAsCRCCCR -->
