<?xml version="1.0" encoding="UTF-8"?>
<!-- Generated by org.testng.reporters.JUnitReportReporter -->
<testsuite hostname="GRD-LTP-119" failures="0" tests="1" name="com.absli.gps.masterpolicy.maker.page.testcases.TC_MPM_114_MasterPolicyWith5BenefitsAndRidersWithVariantTypeAsFsgaRRRFsga" time="64.638" errors="0" timestamp="2024-08-01T12:43:13 IST" skipped="0">
  <testcase classname="com.absli.gps.masterpolicy.maker.page.testcases.TC_MPM_114_MasterPolicyWith5BenefitsAndRidersWithVariantTypeAsFsgaRRRFsga" name="createAMasterPolicyWith5BenefitsAndRidersWithVariantTypeAsFsgaRRRFsga" time="64.638"/>
</testsuite> <!-- com.absli.gps.masterpolicy.maker.page.testcases.TC_MPM_114_MasterPolicyWith5BenefitsAndRidersWithVariantTypeAsFsgaRRRFsga -->
