<?xml version="1.0" encoding="UTF-8"?>
<!-- Generated by org.testng.reporters.JUnitReportReporter -->
<testsuite hostname="GRD-LTP-119" failures="0" tests="1" name="com.absli.gps.masterpolicy.maker.page.testcases.TC_MPM_082_MasterPolicyWith4BenefitsAndRidersWithVariantTypeAsGcsmRGcsmGcsm" time="87.631" errors="0" timestamp="2024-07-30T15:08:11 IST" skipped="0">
  <testcase classname="com.absli.gps.masterpolicy.maker.page.testcases.TC_MPM_082_MasterPolicyWith4BenefitsAndRidersWithVariantTypeAsGcsmRGcsmGcsm" name="createAMasterPolicyWith4BenefitsAndRidersWithVariantTypeAsGcsmRGcsmGcsm" time="87.631"/>
</testsuite> <!-- com.absli.gps.masterpolicy.maker.page.testcases.TC_MPM_082_MasterPolicyWith4BenefitsAndRidersWithVariantTypeAsGcsmRGcsmGcsm -->
