<?xml version="1.0" encoding="UTF-8"?>
<!-- Generated by org.testng.reporters.JUnitReportReporter -->
<testsuite hostname="GRD-LTP-119" failures="0" tests="1" name="com.absli.testCases.MasterPolicyMakerFunctionalityTest" time="132.110" errors="0" timestamp="2024-05-21T17:15:40 IST" skipped="0">
  <testcase classname="com.absli.testCases.MasterPolicyMakerFunctionalityTest" name="createAMasterPolicyWithGradedCover" time="132.110"/>
  <system-out/>
</testsuite> <!-- com.absli.testCases.MasterPolicyMakerFunctionalityTest -->
