<?xml version="1.0" encoding="UTF-8"?>
<!-- Generated by org.testng.reporters.JUnitReportReporter -->
<testsuite hostname="GRD-LTP-119" failures="0" tests="1" name="com.absli.gps.masterpolicy.maker.page.testcases.TC_MPM_027_MasterPolicyWith5BenefitsAndRidersWithVariantTypeAsCRRRR" time="67.864" errors="0" timestamp="2024-07-05T15:09:34 IST" skipped="0">
  <testcase classname="com.absli.gps.masterpolicy.maker.page.testcases.TC_MPM_027_MasterPolicyWith5BenefitsAndRidersWithVariantTypeAsCRRRR" name="createAMasterPolicyWith4BenefitsAndRidersWithVariantTypeAsCRRRR" time="67.864"/>
</testsuite> <!-- com.absli.gps.masterpolicy.maker.page.testcases.TC_MPM_027_MasterPolicyWith5BenefitsAndRidersWithVariantTypeAsCRRRR -->
