<?xml version="1.0" encoding="UTF-8"?>
<!-- Generated by org.testng.reporters.JUnitReportReporter -->
<testsuite hostname="GRD-LTP-119" failures="0" tests="1" name="com.absli.gps.masterpolicy.maker.page.testcases.TC_MPM_008_MasterPolicyWithMandatoryFieldsAndCustomerDefinedSAWithInBuiltRider" time="65.640" errors="0" timestamp="2024-07-02T13:04:13 IST" skipped="0">
  <testcase classname="com.absli.gps.masterpolicy.maker.page.testcases.TC_MPM_008_MasterPolicyWithMandatoryFieldsAndCustomerDefinedSAWithInBuiltRider" name="createAMasterPolicyWithRider" time="65.640"/>
</testsuite> <!-- com.absli.gps.masterpolicy.maker.page.testcases.TC_MPM_008_MasterPolicyWithMandatoryFieldsAndCustomerDefinedSAWithInBuiltRider -->
