<?xml version="1.0" encoding="UTF-8"?>
<!-- Generated by org.testng.reporters.JUnitReportReporter -->
<testsuite hostname="GRD-LTP-119" failures="0" tests="1" name="com.absli.gps.masterpolicy.maker.page.testcases.TC_MPM_086_MasterPolicyWith5BenefitsAndRidersWithVariantTypeAsFsaRFsaFsaFsa" time="64.982" errors="0" timestamp="2024-07-30T16:34:04 IST" skipped="0">
  <testcase classname="com.absli.gps.masterpolicy.maker.page.testcases.TC_MPM_086_MasterPolicyWith5BenefitsAndRidersWithVariantTypeAsFsaRFsaFsaFsa" name="createAMasterPolicyWith5BenefitsAndRidersWithVariantTypeAsFsaRFsaFsaFsa" time="64.982"/>
</testsuite> <!-- com.absli.gps.masterpolicy.maker.page.testcases.TC_MPM_086_MasterPolicyWith5BenefitsAndRidersWithVariantTypeAsFsaRFsaFsaFsa -->
