<?xml version="1.0" encoding="UTF-8"?>
<!-- Generated by org.testng.reporters.JUnitReportReporter -->
<testsuite hostname="GRD-LTP-119" failures="0" tests="1" name="com.absli.gps.masterpolicy.maker.page.testcases.TC_MPM_079_MasterPolicyWith4BenefitsAndRidersWithVariantTypeAsFsgaRFsgaR" time="78.927" errors="0" timestamp="2024-07-29T13:00:33 IST" skipped="0">
  <testcase classname="com.absli.gps.masterpolicy.maker.page.testcases.TC_MPM_079_MasterPolicyWith4BenefitsAndRidersWithVariantTypeAsFsgaRFsgaR" name="createAMasterPolicyWith4BenefitsAndRidersWithVariantTypeAsFsgaRFsgaR" time="78.927"/>
</testsuite> <!-- com.absli.gps.masterpolicy.maker.page.testcases.TC_MPM_079_MasterPolicyWith4BenefitsAndRidersWithVariantTypeAsFsgaRFsgaR -->
