<?xml version="1.0" encoding="UTF-8"?>
<!-- Generated by org.testng.reporters.JUnitReportReporter -->
<testsuite hostname="GRD-LTP-119" failures="0" tests="1" name="com.absli.gps.masterpolicy.maker.page.testcases.TC_MPM_026_MasterPolicyWith5BenefitsAndRidersWithVariantTypeAsCRCRR" time="65.759" errors="0" timestamp="2024-07-05T14:47:43 IST" skipped="0">
  <testcase classname="com.absli.gps.masterpolicy.maker.page.testcases.TC_MPM_026_MasterPolicyWith5BenefitsAndRidersWithVariantTypeAsCRCRR" name="createAMasterPolicyWith4BenefitsAndRidersWithVariantTypeAsCRCRR" time="65.759"/>
</testsuite> <!-- com.absli.gps.masterpolicy.maker.page.testcases.TC_MPM_026_MasterPolicyWith5BenefitsAndRidersWithVariantTypeAsCRCRR -->
