<?xml version="1.0" encoding="UTF-8"?>
<!-- Generated by org.testng.reporters.JUnitReportReporter -->
<testsuite hostname="GRD-LTP-119" failures="0" tests="1" name="com.absli.gps.masterpolicy.maker.page.testcases.TC_MPM_092_MasterPolicyWith5BenefitsAndRidersWithVariantTypeAsFsaRFsaRR" time="78.857" errors="0" timestamp="2024-07-31T10:55:33 IST" skipped="0">
  <testcase classname="com.absli.gps.masterpolicy.maker.page.testcases.TC_MPM_092_MasterPolicyWith5BenefitsAndRidersWithVariantTypeAsFsaRFsaRR" name="createAMasterPolicyWith5BenefitsAndRidersWithVariantTypeAsFsaRFsaRR" time="78.857"/>
</testsuite> <!-- com.absli.gps.masterpolicy.maker.page.testcases.TC_MPM_092_MasterPolicyWith5BenefitsAndRidersWithVariantTypeAsFsaRFsaRR -->
