<?xml version="1.0" encoding="UTF-8"?>
<!-- Generated by org.testng.reporters.JUnitReportReporter -->
<testsuite hostname="GRD-LTP-119" failures="0" tests="1" name="com.absli.gps.masterpolicy.maker.page.testcases.TC_MPM_028_MasterPolicyWith6BenefitsAndRidersWithVariantTypeAsCRCCCC" time="82.798" errors="0" timestamp="2024-07-08T10:40:33 IST" skipped="0">
  <testcase classname="com.absli.gps.masterpolicy.maker.page.testcases.TC_MPM_028_MasterPolicyWith6BenefitsAndRidersWithVariantTypeAsCRCCCC" name="createAMasterPolicyWith4BenefitsAndRidersWithVariantTypeAsCRCCCC" time="82.798"/>
</testsuite> <!-- com.absli.gps.masterpolicy.maker.page.testcases.TC_MPM_028_MasterPolicyWith6BenefitsAndRidersWithVariantTypeAsCRCCCC -->
