<?xml version="1.0" encoding="UTF-8"?>
<!-- Generated by org.testng.reporters.JUnitReportReporter -->
<testsuite hostname="GRD-LTP-119" failures="0" tests="1" name="com.absli.gps.masterpolicy.maker.page.testcases.TC_MPM_093_MasterPolicyWith5BenefitsAndRidersWithVariantTypeAsFsaRRRR" time="80.180" errors="0" timestamp="2024-07-31T11:10:21 IST" skipped="0">
  <testcase classname="com.absli.gps.masterpolicy.maker.page.testcases.TC_MPM_093_MasterPolicyWith5BenefitsAndRidersWithVariantTypeAsFsaRRRR" name="createAMasterPolicyWith5BenefitsAndRidersWithVariantTypeAsFsaRRRR" time="80.180"/>
</testsuite> <!-- com.absli.gps.masterpolicy.maker.page.testcases.TC_MPM_093_MasterPolicyWith5BenefitsAndRidersWithVariantTypeAsFsaRRRR -->
