<?xml version="1.0" encoding="UTF-8"?>
<!-- Generated by org.testng.reporters.JUnitReportReporter -->
<testsuite hostname="GRD-LTP-119" failures="0" tests="1" name="com.absli.gps.masterpolicy.maker.page.testcases.TC_MPM_085_MasterPolicyWith4BenefitsAndRidersWithVariantTypeAsGcsmRRR" time="74.295" errors="0" timestamp="2024-07-30T15:54:15 IST" skipped="0">
  <testcase classname="com.absli.gps.masterpolicy.maker.page.testcases.TC_MPM_085_MasterPolicyWith4BenefitsAndRidersWithVariantTypeAsGcsmRRR" name="createAMasterPolicyWith4BenefitsAndRidersWithVariantTypeAsGcsmRRR" time="74.295"/>
</testsuite> <!-- com.absli.gps.masterpolicy.maker.page.testcases.TC_MPM_085_MasterPolicyWith4BenefitsAndRidersWithVariantTypeAsGcsmRRR -->
