<?xml version="1.0" encoding="UTF-8"?>
<!-- Generated by org.testng.reporters.JUnitReportReporter -->
<testsuite hostname="GRD-LTP-119" failures="0" tests="1" name="com.absli.gps.masterpolicy.maker.page.testcases.TC_MPM_001_MasterPolicyMakerWithGPSBaseBenefitAndCustomerDefinedSA" time="55.970" errors="0" timestamp="2024-07-16T10:02:09 IST" skipped="0">
  <testcase classname="com.absli.gps.masterpolicy.maker.page.testcases.TC_MPM_001_MasterPolicyMakerWithGPSBaseBenefitAndCustomerDefinedSA" name="createAMasterPolicyWithCustomerDefinedSA" time="55.970"/>
</testsuite> <!-- com.absli.gps.masterpolicy.maker.page.testcases.TC_MPM_001_MasterPolicyMakerWithGPSBaseBenefitAndCustomerDefinedSA -->
