<?xml version="1.0" encoding="UTF-8"?>
<!-- Generated by org.testng.reporters.JUnitReportReporter -->
<testsuite hostname="GRD-LTP-119" failures="0" tests="1" name="com.absli.gps.masterpolicy.maker.page.testcases.TC_MPM_038_MasterPolicyWith6BenefitsAndRidersWithVariantTypeAsCRCRRR" time="65.249" errors="0" timestamp="2024-07-09T11:14:38 IST" skipped="0">
  <testcase classname="com.absli.gps.masterpolicy.maker.page.testcases.TC_MPM_038_MasterPolicyWith6BenefitsAndRidersWithVariantTypeAsCRCRRR" name="createAMasterPolicyWith4BenefitsAndRidersWithVariantTypeAsCRCRRR" time="65.249"/>
</testsuite> <!-- com.absli.gps.masterpolicy.maker.page.testcases.TC_MPM_038_MasterPolicyWith6BenefitsAndRidersWithVariantTypeAsCRCRRR -->
