<?xml version="1.0" encoding="UTF-8"?>
<!-- Generated by org.testng.reporters.JUnitReportReporter -->
<testsuite hostname="GRD-LTP-119" failures="0" tests="1" name="com.absli.gps.masterpolicy.maker.page.testcases.TC_MPM_020_MasterPolicyWith5BenefitsAndRidersWithVariantTypeAsCRCCC" time="74.719" errors="0" timestamp="2024-07-05T10:08:35 IST" skipped="0">
  <testcase classname="com.absli.gps.masterpolicy.maker.page.testcases.TC_MPM_020_MasterPolicyWith5BenefitsAndRidersWithVariantTypeAsCRCCC" name="createAMasterPolicyWith4BenefitsAndRidersWithVariantTypeAsCRRR" time="74.719"/>
</testsuite> <!-- com.absli.gps.masterpolicy.maker.page.testcases.TC_MPM_020_MasterPolicyWith5BenefitsAndRidersWithVariantTypeAsCRCCC -->
