<?xml version="1.0" encoding="UTF-8"?>
<!-- Generated by org.testng.reporters.JUnitReportReporter -->
<testsuite hostname="GRD-LTP-119" failures="0" tests="1" name="com.absli.gps.masterpolicy.maker.page.testcases.TC_MPM_076_MasterPolicyWith4BenefitsAndRidersWithVariantTypeAsGcRRGc" time="138.891" errors="0" timestamp="2024-07-29T10:39:57 IST" skipped="0">
  <testcase classname="com.absli.gps.masterpolicy.maker.page.testcases.TC_MPM_076_MasterPolicyWith4BenefitsAndRidersWithVariantTypeAsGcRRGc" name="createAMasterPolicyWith4BenefitsAndRidersWithVariantTypeAsGcRGcR" time="138.891"/>
</testsuite> <!-- com.absli.gps.masterpolicy.maker.page.testcases.TC_MPM_076_MasterPolicyWith4BenefitsAndRidersWithVariantTypeAsGcRRGc -->
