<?xml version="1.0" encoding="UTF-8"?>
<!-- Generated by org.testng.reporters.JUnitReportReporter -->
<testsuite hostname="GRD-LTP-119" failures="0" tests="1" name="com.absli.client.organization.testcases.ClientOrganizationWithOutGST" time="45.632" errors="0" timestamp="2024-06-25T11:13:49 IST" skipped="0">
  <testcase classname="com.absli.client.organization.testcases.ClientOrganizationWithOutGST" name="createClientWithMandatoryFieldsAndWithoutGST" time="45.632"/>
</testsuite> <!-- com.absli.client.organization.testcases.ClientOrganizationWithOutGST -->
