<?xml version="1.0" encoding="UTF-8"?>
<!-- Generated by org.testng.reporters.JUnitReportReporter -->
<testsuite hostname="GRD-LTP-119" failures="0" tests="1" name="com.absli.gps.masterpolicy.maker.page.testcases.TC_MPM_071_MasterPolicyWith4BenefitsAndRidersWithVariantTypeAsMosRMosR" time="60.011" errors="0" timestamp="2024-07-25T12:06:27 IST" skipped="0">
  <testcase classname="com.absli.gps.masterpolicy.maker.page.testcases.TC_MPM_071_MasterPolicyWith4BenefitsAndRidersWithVariantTypeAsMosRMosR" name="createAMasterPolicyWith4BenefitsAndRidersWithVariantTypeAsMosRMosR" time="60.011"/>
</testsuite> <!-- com.absli.gps.masterpolicy.maker.page.testcases.TC_MPM_071_MasterPolicyWith4BenefitsAndRidersWithVariantTypeAsMosRMosR -->
