<?xml version="1.0" encoding="UTF-8"?>
<!-- Generated by org.testng.reporters.JUnitReportReporter -->
<testsuite hostname="GRD-LTP-119" failures="0" tests="1" name="com.absli.gps.masterpolicy.maker.page.testcases.TC_MPM_033_MasterPolicyWith6BenefitsAndRidersWithVariantTypeAsCRRRCC" time="78.054" errors="0" timestamp="2024-07-08T16:18:38 IST" skipped="0">
  <testcase classname="com.absli.gps.masterpolicy.maker.page.testcases.TC_MPM_033_MasterPolicyWith6BenefitsAndRidersWithVariantTypeAsCRRRCC" name="createAMasterPolicyWith4BenefitsAndRidersWithVariantTypeAsCRRRCC" time="78.054"/>
</testsuite> <!-- com.absli.gps.masterpolicy.maker.page.testcases.TC_MPM_033_MasterPolicyWith6BenefitsAndRidersWithVariantTypeAsCRRRCC -->
