<?xml version="1.0" encoding="UTF-8"?>
<!-- Generated by org.testng.reporters.JUnitReportReporter -->
<testsuite hostname="GRD-LTP-119" failures="0" tests="1" name="com.absli.gps.masterpolicy.maker.page.testcases.TC_MPM_067_MasterPolicyWith4BenefitsAndRidersWithVariantTypeAsFsaRFsaR" time="66.066" errors="0" timestamp="2024-07-17T15:15:43 IST" skipped="0">
  <testcase classname="com.absli.gps.masterpolicy.maker.page.testcases.TC_MPM_067_MasterPolicyWith4BenefitsAndRidersWithVariantTypeAsFsaRFsaR" name="createAMasterPolicyWith4BenefitsAndRidersWithVariantTypeAsFsaRFsaR" time="66.066"/>
</testsuite> <!-- com.absli.gps.masterpolicy.maker.page.testcases.TC_MPM_067_MasterPolicyWith4BenefitsAndRidersWithVariantTypeAsFsaRFsaR -->
