<?xml version="1.0" encoding="UTF-8"?>
<!-- Generated by org.testng.reporters.JUnitReportReporter -->
<testsuite hostname="GRD-LTP-119" failures="0" tests="1" name="com.absli.gps.masterpolicy.maker.page.testcases.TC_MPM_075_MasterPolicyWith4BenefitsAndRidersWithVariantTypeAsGcRGcR" time="102.850" errors="0" timestamp="2024-07-26T13:22:00 IST" skipped="0">
  <testcase classname="com.absli.gps.masterpolicy.maker.page.testcases.TC_MPM_075_MasterPolicyWith4BenefitsAndRidersWithVariantTypeAsGcRGcR" name="createAMasterPolicyWith4BenefitsAndRidersWithVariantTypeAsGcRGcR" time="102.850"/>
</testsuite> <!-- com.absli.gps.masterpolicy.maker.page.testcases.TC_MPM_075_MasterPolicyWith4BenefitsAndRidersWithVariantTypeAsGcRGcR -->
