<?xml version="1.0" encoding="UTF-8"?>
<!-- Generated by org.testng.reporters.JUnitReportReporter -->
<testsuite hostname="GRD-LTP-119" failures="0" tests="4" name="com.absli.testCases.CreateAClientOrga" time="211.121" errors="0" timestamp="2024-06-12T10:15:30 IST" skipped="0">
  <testcase classname="com.absli.testCases.CreateAClientOrga" name="createClientWithMandatoryFieldsAndWithoutGST" time="60.806"/>
  <system-out/>
  <testcase classname="com.absli.testCases.CreateAClientOrga" name="createClientWithMandatoryFieldsAndWithGST" time="45.390"/>
  <system-out/>
  <testcase classname="com.absli.testCases.CreateAClientOrga" name="createClientWithMandatoryFieldsAndGradeWithOutGST" time="53.813"/>
  <system-out/>
  <testcase classname="com.absli.testCases.CreateAClientOrga" name="createClientWithMandatoryFieldsAndWithGSTAndGrade" time="51.112"/>
  <system-out/>
</testsuite> <!-- com.absli.testCases.CreateAClientOrga -->
