<?xml version="1.0" encoding="UTF-8"?>
<!-- Generated by org.testng.reporters.JUnitReportReporter -->
<testsuite hostname="GRD-LTP-119" failures="0" tests="1" name="com.absli.gps.masterpolicy.maker.page.testcases.TC_MPM_096_MasterPolicyWith5BenefitsAndRidersWithVariantTypeAsMosRRMosR" time="67.346" errors="0" timestamp="2024-07-31T12:29:07 IST" skipped="0">
  <testcase classname="com.absli.gps.masterpolicy.maker.page.testcases.TC_MPM_096_MasterPolicyWith5BenefitsAndRidersWithVariantTypeAsMosRRMosR" name="createAMasterPolicyWith5BenefitsAndRidersWithVariantTypeAsMosRRMosR" time="67.346"/>
</testsuite> <!-- com.absli.gps.masterpolicy.maker.page.testcases.TC_MPM_096_MasterPolicyWith5BenefitsAndRidersWithVariantTypeAsMosRRMosR -->
