<?xml version="1.0" encoding="UTF-8"?>
<!-- Generated by org.testng.reporters.JUnitReportReporter -->
<testsuite hostname="GRD-LTP-119" failures="0" tests="1" name="com.absli.gps.masterpolicy.maker.page.testcases.TC_MPM_099_MasterPolicyWith5BenefitsAndRidersWithVariantTypeAsMosRRMosMos" time="65.889" errors="0" timestamp="2024-07-31T14:32:29 IST" skipped="0">
  <testcase classname="com.absli.gps.masterpolicy.maker.page.testcases.TC_MPM_099_MasterPolicyWith5BenefitsAndRidersWithVariantTypeAsMosRRMosMos" name="createAMasterPolicyWith5BenefitsAndRidersWithVariantTypeAsMosRRMosMos" time="65.889"/>
</testsuite> <!-- com.absli.gps.masterpolicy.maker.page.testcases.TC_MPM_099_MasterPolicyWith5BenefitsAndRidersWithVariantTypeAsMosRRMosMos -->
