<?xml version="1.0" encoding="UTF-8"?>
<!-- Generated by org.testng.reporters.JUnitReportReporter -->
<testsuite hostname="GRD-LTP-119" failures="0" tests="1" name="com.absli.gps.masterpolicy.maker.page.testcases.TC_MPM_063_MasterPolicyWith3BenefitsAndRidersWithVariantTypeAsFsgaRR" time="57.988" errors="0" timestamp="2024-07-17T10:48:41 IST" skipped="0">
  <testcase classname="com.absli.gps.masterpolicy.maker.page.testcases.TC_MPM_063_MasterPolicyWith3BenefitsAndRidersWithVariantTypeAsFsgaRR" name="createAMasterPolicyWith3BenefitsAndRidersWithVariantTypeAsFsgaRR" time="57.988"/>
</testsuite> <!-- com.absli.gps.masterpolicy.maker.page.testcases.TC_MPM_063_MasterPolicyWith3BenefitsAndRidersWithVariantTypeAsFsgaRR -->
