<?xml version="1.0" encoding="UTF-8"?>
<!-- Generated by org.testng.reporters.JUnitReportReporter -->
<testsuite hostname="GRD-LTP-119" failures="0" tests="1" name="com.absli.gps.masterpolicy.maker.page.testcases.TC_MPM_024_MasterPolicyWith5BenefitsAndRidersWithVariantTypeAsCRRRC" time="64.092" errors="0" timestamp="2024-07-05T13:53:48 IST" skipped="0">
  <testcase classname="com.absli.gps.masterpolicy.maker.page.testcases.TC_MPM_024_MasterPolicyWith5BenefitsAndRidersWithVariantTypeAsCRRRC" name="createAMasterPolicyWith4BenefitsAndRidersWithVariantTypeAsCRRRC" time="64.092"/>
</testsuite> <!-- com.absli.gps.masterpolicy.maker.page.testcases.TC_MPM_024_MasterPolicyWith5BenefitsAndRidersWithVariantTypeAsCRRRC -->
