<?xml version="1.0" encoding="UTF-8"?>
<!-- Generated by org.testng.reporters.JUnitReportReporter -->
<testsuite hostname="GRD-LTP-119" failures="0" tests="1" name="com.absli.gps.masterpolicy.maker.page.testcases.TC_MPM_040_MasterPolicyWith6BenefitsAndRidersWithVariantTypeAsCRRRCR" time="63.480" errors="0" timestamp="2024-07-09T12:21:08 IST" skipped="0">
  <testcase classname="com.absli.gps.masterpolicy.maker.page.testcases.TC_MPM_040_MasterPolicyWith6BenefitsAndRidersWithVariantTypeAsCRRRCR" name="createAMasterPolicyWith4BenefitsAndRidersWithVariantTypeAsCRRRCR" time="63.480"/>
</testsuite> <!-- com.absli.gps.masterpolicy.maker.page.testcases.TC_MPM_040_MasterPolicyWith6BenefitsAndRidersWithVariantTypeAsCRRRCR -->
