<?xml version="1.0" encoding="UTF-8"?>
<!-- Generated by org.testng.reporters.JUnitReportReporter -->
<testsuite hostname="GRD-LTP-119" failures="0" tests="1" name="com.absli.gps.masterpolicy.maker.page.testcases.TC_MPM_017_MasterPolicyWith4BenefitsAndRidersWithVariantTypeAsCRCR" time="63.589" errors="0" timestamp="2024-07-04T14:04:46 IST" skipped="0">
  <testcase classname="com.absli.gps.masterpolicy.maker.page.testcases.TC_MPM_017_MasterPolicyWith4BenefitsAndRidersWithVariantTypeAsCRCR" name="createAMasterPolicyWithCustomerDefinedSAWithInBuiltRiderAndAdditionalRiderAsRider" time="63.589"/>
</testsuite> <!-- com.absli.gps.masterpolicy.maker.page.testcases.TC_MPM_017_MasterPolicyWith4BenefitsAndRidersWithVariantTypeAsCRCR -->
