<?xml version="1.0" encoding="UTF-8"?>
<!-- Generated by org.testng.reporters.JUnitReportReporter -->
<testsuite hostname="GRD-LTP-119" failures="0" tests="1" name="com.absli.gps.masterpolicy.maker.page.testcases.TC_MPM_055_MasterPolicyWithEmployerEmployeeNischintAnd2BenefitAndRidersWithVariantTypeAsGradedCoverAndInBuiltRider" time="61.699" errors="0" timestamp="2024-07-11T12:53:51 IST" skipped="0">
  <testcase classname="com.absli.gps.masterpolicy.maker.page.testcases.TC_MPM_055_MasterPolicyWithEmployerEmployeeNischintAnd2BenefitAndRidersWithVariantTypeAsGradedCoverAndInBuiltRider" name="MasterPolicyWithEmployerEmployeeNischintAnd2BenefitAndRidersWithVariantTypeAsGradedCoverAndInBuiltRider" time="61.699"/>
</testsuite> <!-- com.absli.gps.masterpolicy.maker.page.testcases.TC_MPM_055_MasterPolicyWithEmployerEmployeeNischintAnd2BenefitAndRidersWithVariantTypeAsGradedCoverAndInBuiltRider -->
