<?xml version="1.0" encoding="UTF-8"?>
<!-- Generated by org.testng.reporters.JUnitReportReporter -->
<testsuite hostname="GRD-LTP-119" failures="0" tests="1" name="com.absli.testCases.MasterPolicyMakerFunctionalityTest" time="66.107" errors="0" timestamp="2024-06-13T12:55:33 IST" skipped="0">
  <testcase classname="com.absli.testCases.MasterPolicyMakerFunctionalityTest" name="createAMasterPolicyWithCustomerDefinedSA" time="66.107"/>
  <system-out/>
</testsuite> <!-- com.absli.testCases.MasterPolicyMakerFunctionalityTest -->
