<?xml version="1.0" encoding="UTF-8"?>
<!-- Generated by org.testng.reporters.JUnitReportReporter -->
<testsuite hostname="GRD-LTP-119" failures="0" tests="1" name="com.absli.gps.masterpolicy.maker.page.testcases.TC_MPM_065_MasterPolicyWith3BenefitsAndRidersWithVariantTypeAsGcsmRR" time="64.754" errors="0" timestamp="2024-07-17T12:25:14 IST" skipped="0">
  <testcase classname="com.absli.gps.masterpolicy.maker.page.testcases.TC_MPM_065_MasterPolicyWith3BenefitsAndRidersWithVariantTypeAsGcsmRR" name="createAMasterPolicyWith3BenefitsAndRidersWithVariantTypeAsGcsmRR" time="64.754"/>
</testsuite> <!-- com.absli.gps.masterpolicy.maker.page.testcases.TC_MPM_065_MasterPolicyWith3BenefitsAndRidersWithVariantTypeAsGcsmRR -->
