<?xml version="1.0" encoding="UTF-8"?>
<!-- Generated by org.testng.reporters.JUnitReportReporter -->
<testsuite hostname="GRD-LTP-119" failures="0" tests="7" name="com.absli.testCases.MasterPolicyMakerFunctionalityTest" time="499.465" errors="0" timestamp="2024-05-30T14:44:42 IST" skipped="0">
  <testcase classname="com.absli.testCases.MasterPolicyMakerFunctionalityTest" name="createAMasterPolicyWithCustomerDefinedSA" time="71.152"/>
  <system-out/>
  <testcase classname="com.absli.testCases.MasterPolicyMakerFunctionalityTest" name="createAMasterPolicyWithFlatSumAssured" time="50.663"/>
  <system-out/>
  <testcase classname="com.absli.testCases.MasterPolicyMakerFunctionalityTest" name="createAMasterPolicyWithMultipleOfSalary" time="51.819"/>
  <system-out/>
  <testcase classname="com.absli.testCases.MasterPolicyMakerFunctionalityTest" name="createAMasterPolicyWithGradedCover" time="79.238"/>
  <system-out/>
  <testcase classname="com.absli.testCases.MasterPolicyMakerFunctionalityTest" name="createAMasterPolicyWithFutureServiceGratuityAmount" time="125.377"/>
  <system-out/>
  <testcase classname="com.absli.testCases.MasterPolicyMakerFunctionalityTest" name="createAMasterPolicyWithRider" time="56.655"/>
  <system-out/>
  <testcase classname="com.absli.testCases.MasterPolicyMakerFunctionalityTest" name="createAMasterPolicyWithGradedCoverSalaryMultiple" time="64.561"/>
  <system-out/>
</testsuite> <!-- com.absli.testCases.MasterPolicyMakerFunctionalityTest -->
