<?xml version="1.0" encoding="UTF-8"?>
<!-- Generated by org.testng.reporters.JUnitReportReporter -->
<testsuite hostname="GRD-LTP-119" failures="0" tests="1" name="com.absli.gps.masterpolicy.maker.page.testcases.TC_MPM_004_MasterPolicyMakerWithGPSBaseBenefitAndGradedCover" time="59.549" errors="0" timestamp="2024-07-02T10:14:58 IST" skipped="0">
  <testcase classname="com.absli.gps.masterpolicy.maker.page.testcases.TC_MPM_004_MasterPolicyMakerWithGPSBaseBenefitAndGradedCover" name="createAMasterPolicyWithGradedCover" time="59.549"/>
</testsuite> <!-- com.absli.gps.masterpolicy.maker.page.testcases.TC_MPM_004_MasterPolicyMakerWithGPSBaseBenefitAndGradedCover -->
