<?xml version="1.0" encoding="UTF-8"?>
<!-- Generated by org.testng.reporters.JUnitReportReporter -->
<testsuite hostname="GRD-LTP-119" failures="0" tests="1" name="com.absli.gps.masterpolicy.maker.page.testcases.TC_MPM_084_MasterPolicyWith4BenefitsAndRidersWithVariantTypeAsGcsmRRGcsm" time="78.541" errors="0" timestamp="2024-07-30T15:45:48 IST" skipped="0">
  <testcase classname="com.absli.gps.masterpolicy.maker.page.testcases.TC_MPM_084_MasterPolicyWith4BenefitsAndRidersWithVariantTypeAsGcsmRRGcsm" name="createAMasterPolicyWith4BenefitsAndRidersWithVariantTypeAsGcsmRRGcsm" time="78.541"/>
</testsuite> <!-- com.absli.gps.masterpolicy.maker.page.testcases.TC_MPM_084_MasterPolicyWith4BenefitsAndRidersWithVariantTypeAsGcsmRRGcsm -->
