<?xml version="1.0" encoding="UTF-8"?>
<!-- Generated by org.testng.reporters.JUnitReportReporter -->
<testsuite hostname="GRD-LTP-119" failures="0" tests="1" name="com.absli.client.organization.testcases.ClientOrganizationWithGradeAndGST" time="52.626" errors="0" timestamp="2024-06-25T11:11:54 IST" skipped="0">
  <testcase classname="com.absli.client.organization.testcases.ClientOrganizationWithGradeAndGST" name="createClientWithMandatoryFieldsAndWithGSTAndGrade" time="52.626"/>
</testsuite> <!-- com.absli.client.organization.testcases.ClientOrganizationWithGradeAndGST -->
