<?xml version="1.0" encoding="UTF-8"?>
<!-- Generated by org.testng.reporters.JUnitReportReporter -->
<testsuite hostname="GRD-LTP-119" failures="0" tests="1" name="com.absli.gps.masterpolicy.maker.page.testcases.TC_MPM_088_MasterPolicyWith5BenefitsAndRidersWithVariantTypeAsFsaRRFsaR" time="68.127" errors="0" timestamp="2024-07-30T17:28:15 IST" skipped="0">
  <testcase classname="com.absli.gps.masterpolicy.maker.page.testcases.TC_MPM_088_MasterPolicyWith5BenefitsAndRidersWithVariantTypeAsFsaRRFsaR" name="createAMasterPolicyWith5BenefitsAndRidersWithVariantTypeAsFsaRRFsaR" time="68.127"/>
</testsuite> <!-- com.absli.gps.masterpolicy.maker.page.testcases.TC_MPM_088_MasterPolicyWith5BenefitsAndRidersWithVariantTypeAsFsaRRFsaR -->
