<?xml version="1.0" encoding="UTF-8"?>
<!-- Generated by org.testng.reporters.JUnitReportReporter -->
<testsuite hostname="GRD-LTP-119" failures="0" tests="1" name="com.absli.gps.masterpolicy.maker.page.testcases.TC_MPM_005_MasterPolicyMakerWithGPSBaseBenefitAndFutureServiceGratuityAmount" time="53.245" errors="0" timestamp="2024-07-17T10:08:57 IST" skipped="0">
  <testcase classname="com.absli.gps.masterpolicy.maker.page.testcases.TC_MPM_005_MasterPolicyMakerWithGPSBaseBenefitAndFutureServiceGratuityAmount" name="createAMasterPolicyWithFutureServiceGratuityAmount" time="53.245"/>
</testsuite> <!-- com.absli.gps.masterpolicy.maker.page.testcases.TC_MPM_005_MasterPolicyMakerWithGPSBaseBenefitAndFutureServiceGratuityAmount -->
