<?xml version="1.0" encoding="UTF-8"?>
<!-- Generated by org.testng.reporters.JUnitReportReporter -->
<testsuite hostname="GRD-LTP-119" failures="0" tests="1" name="com.absli.gps.masterpolicy.maker.page.testcases.TC_MPM_089_MasterPolicyWith5BenefitsAndRidersWithVariantTypeAsFsaRFsaFsaR" time="69.130" errors="0" timestamp="2024-07-30T17:53:13 IST" skipped="0">
  <testcase classname="com.absli.gps.masterpolicy.maker.page.testcases.TC_MPM_089_MasterPolicyWith5BenefitsAndRidersWithVariantTypeAsFsaRFsaFsaR" name="createAMasterPolicyWith5BenefitsAndRidersWithVariantTypeAsFsaRFsaFsaR" time="69.130"/>
</testsuite> <!-- com.absli.gps.masterpolicy.maker.page.testcases.TC_MPM_089_MasterPolicyWith5BenefitsAndRidersWithVariantTypeAsFsaRFsaFsaR -->
